# JRE version: Java(TM) SE Runtime Environment (8.0_101-b13) (build 1.8.0_101-b13)
# Java VM: Java HotSpot(TM) 64-Bit Server VM (25.101-b13 mixed mode windows-amd64 compressed oops)
Heap:
 PSYoungGen      total 414720K, used 84358K [0x00000000e0000000, 0x00000000fb580000, 0x0000000100000000)
  eden space 392704K, 15% used [0x00000000e0000000,0x00000000e3ce63d8,0x00000000f7f80000)
  from space 22016K, 99% used [0x00000000f9b80000,0x00000000fb0fb7d8,0x00000000fb100000)
  to   space 27648K, 0% used [0x00000000f7f80000,0x00000000f7f80000,0x00000000f9a80000)
 ParOldGen       total 143360K, used 122360K [0x00000000a0000000, 0x00000000a8c00000, 0x00000000e0000000)
  object space 143360K, 85% used [0x00000000a0000000,0x00000000a777e308,0x00000000a8c00000)
 Metaspace       used 88943K, capacity 97942K, committed 99072K, reserved 1134592K
  class space    used 11892K, capacity 13563K, committed 13824K, reserved 1048576K
GC Heap History (10 events):
Event: 1650.140 GC heap before
{Heap before GC invocations=38 (full 12):
 PSYoungGen      total 381952K, used 6811K [0x00000000e0000000, 0x00000000f8b00000, 0x0000000100000000)
  eden space 360448K, 0% used [0x00000000e0000000,0x00000000e0000000,0x00000000f6000000)
  from space 21504K, 31% used [0x00000000f7600000,0x00000000f7ca6f50,0x00000000f8b00000)
  to   space 22016K, 0% used [0x00000000f6000000,0x00000000f6000000,0x00000000f7580000)
 ParOldGen       total 143360K, used 105301K [0x00000000a0000000, 0x00000000a8c00000, 0x00000000e0000000)
  object space 143360K, 73% used [0x00000000a0000000,0x00000000a66d5760,0x00000000a8c00000)
 Metaspace       used 78988K, capacity 88332K, committed 88576K, reserved 1124352K
  class space    used 10978K, capacity 12781K, committed 12800K, reserved 1048576K
Event: 1650.694 GC heap after
Heap after GC invocations=38 (full 12):
 PSYoungGen      total 381952K, used 0K [0x00000000e0000000, 0x00000000f8b00000, 0x0000000100000000)
  eden space 360448K, 0% used [0x00000000e0000000,0x00000000e0000000,0x00000000f6000000)
  from space 21504K, 0% used [0x00000000f7600000,0x00000000f7600000,0x00000000f8b00000)
  to   space 22016K, 0% used [0x00000000f6000000,0x00000000f6000000,0x00000000f7580000)
 ParOldGen       total 143360K, used 92865K [0x00000000a0000000, 0x00000000a8c00000, 0x00000000e0000000)
  object space 143360K, 64% used [0x00000000a0000000,0x00000000a5ab05a8,0x00000000a8c00000)
 Metaspace       used 77043K, capacity 85558K, committed 88576K, reserved 1124352K
  class space    used 10602K, capacity 12193K, committed 12800K, reserved 1048576K
}
Event: 1665.754 GC heap before
{Heap before GC invocations=39 (full 12):
 PSYoungGen      total 381952K, used 360448K [0x00000000e0000000, 0x00000000f8b00000, 0x0000000100000000)
  eden space 360448K, 100% used [0x00000000e0000000,0x00000000f6000000,0x00000000f6000000)
  from space 21504K, 0% used [0x00000000f7600000,0x00000000f7600000,0x00000000f8b00000)
  to   space 22016K, 0% used [0x00000000f6000000,0x00000000f6000000,0x00000000f7580000)
 ParOldGen       total 143360K, used 92865K [0x00000000a0000000, 0x00000000a8c00000, 0x00000000e0000000)
  object space 143360K, 64% used [0x00000000a0000000,0x00000000a5ab05a8,0x00000000a8c00000)
 Metaspace       used 77862K, capacity 86514K, committed 88576K, reserved 1124352K
  class space    used 10652K, capacity 12243K, committed 12800K, reserved 1048576K
Event: 1665.784 GC heap after
Heap after GC invocations=39 (full 12):
 PSYoungGen      total 382464K, used 13754K [0x00000000e0000000, 0x00000000fb100000, 0x0000000100000000)
  eden space 360448K, 0% used [0x00000000e0000000,0x00000000e0000000,0x00000000f6000000)
  from space 22016K, 62% used [0x00000000f6000000,0x00000000f6d6ea68,0x00000000f7580000)
  to   space 22016K, 0% used [0x00000000f9b80000,0x00000000f9b80000,0x00000000fb100000)
 ParOldGen       total 143360K, used 92873K [0x00000000a0000000, 0x00000000a8c00000, 0x00000000e0000000)
  object space 143360K, 64% used [0x00000000a0000000,0x00000000a5ab25a8,0x00000000a8c00000)
 Metaspace       used 77862K, capacity 86514K, committed 88576K, reserved 1124352K
  class space    used 10652K, capacity 12243K, committed 12800K, reserved 1048576K
}
Event: 1704.779 GC heap before
{Heap before GC invocations=40 (full 12):
 PSYoungGen      total 382464K, used 374202K [0x00000000e0000000, 0x00000000fb100000, 0x0000000100000000)
  eden space 360448K, 100% used [0x00000000e0000000,0x00000000f6000000,0x00000000f6000000)
  from space 22016K, 62% used [0x00000000f6000000,0x00000000f6d6ea68,0x00000000f7580000)
  to   space 22016K, 0% used [0x00000000f9b80000,0x00000000f9b80000,0x00000000fb100000)
 ParOldGen       total 143360K, used 92873K [0x00000000a0000000, 0x00000000a8c00000, 0x00000000e0000000)
  object space 143360K, 64% used [0x00000000a0000000,0x00000000a5ab25a8,0x00000000a8c00000)
 Metaspace       used 78382K, capacity 87086K, committed 88576K, reserved 1124352K
  class space    used 10730K, capacity 12365K, committed 12800K, reserved 1048576K
Event: 1704.808 GC heap after
Heap after GC invocations=40 (full 12):
 PSYoungGen      total 414720K, used 21986K [0x00000000e0000000, 0x00000000fb580000, 0x0000000100000000)
  eden space 392704K, 0% used [0x00000000e0000000,0x00000000e0000000,0x00000000f7f80000)
  from space 22016K, 99% used [0x00000000f9b80000,0x00000000fb0f88e0,0x00000000fb100000)
  to   space 27648K, 0% used [0x00000000f7f80000,0x00000000f7f80000,0x00000000f9a80000)
 ParOldGen       total 143360K, used 99152K [0x00000000a0000000, 0x00000000a8c00000, 0x00000000e0000000)
  object space 143360K, 69% used [0x00000000a0000000,0x00000000a60d41a0,0x00000000a8c00000)
 Metaspace       used 78382K, capacity 87086K, committed 88576K, reserved 1124352K
  class space    used 10730K, capacity 12365K, committed 12800K, reserved 1048576K
}
Event: 1726.891 GC heap before
{Heap before GC invocations=41 (full 12):
 PSYoungGen      total 414720K, used 413812K [0x00000000e0000000, 0x00000000fb580000, 0x0000000100000000)
  eden space 392704K, 99% used [0x00000000e0000000,0x00000000f7ea48d8,0x00000000f7f80000)
  from space 22016K, 99% used [0x00000000f9b80000,0x00000000fb0f88e0,0x00000000fb100000)
  to   space 27648K, 0% used [0x00000000f7f80000,0x00000000f7f80000,0x00000000f9a80000)
 ParOldGen       total 143360K, used 99152K [0x00000000a0000000, 0x00000000a8c00000, 0x00000000e0000000)
  object space 143360K, 69% used [0x00000000a0000000,0x00000000a60d41a0,0x00000000a8c00000)
 Metaspace       used 84789K, capacity 93620K, committed 94848K, reserved 1130496K
  class space    used 11496K, capacity 13138K, committed 13440K, reserved 1048576K
Event: 1726.920 GC heap after
Heap after GC invocations=41 (full 12):
 PSYoungGen      total 420352K, used 17354K [0x00000000e0000000, 0x00000000fb580000, 0x0000000100000000)
  eden space 392704K, 0% used [0x00000000e0000000,0x00000000e0000000,0x00000000f7f80000)
  from space 27648K, 62% used [0x00000000f7f80000,0x00000000f9072a90,0x00000000f9a80000)
  to   space 22016K, 0% used [0x00000000f9b80000,0x00000000f9b80000,0x00000000fb100000)
 ParOldGen       total 143360K, used 99168K [0x00000000a0000000, 0x00000000a8c00000, 0x00000000e0000000)
  object space 143360K, 69% used [0x00000000a0000000,0x00000000a60d81a0,0x00000000a8c00000)
 Metaspace       used 84789K, capacity 93620K, committed 94848K, reserved 1130496K
  class space    used 11496K, capacity 13138K, committed 13440K, reserved 1048576K
}
Event: 1732.191 GC heap before
{Heap before GC invocations=42 (full 12):
 PSYoungGen      total 420352K, used 410058K [0x00000000e0000000, 0x00000000fb580000, 0x0000000100000000)
  eden space 392704K, 100% used [0x00000000e0000000,0x00000000f7f80000,0x00000000f7f80000)
  from space 27648K, 62% used [0x00000000f7f80000,0x00000000f9072a90,0x00000000f9a80000)
  to   space 22016K, 0% used [0x00000000f9b80000,0x00000000f9b80000,0x00000000fb100000)
 ParOldGen       total 143360K, used 99168K [0x00000000a0000000, 0x00000000a8c00000, 0x00000000e0000000)
  object space 143360K, 69% used [0x00000000a0000000,0x00000000a60d81a0,0x00000000a8c00000)
 Metaspace       used 88909K, capacity 97878K, committed 98816K, reserved 1134592K
  class space    used 11892K, capacity 13563K, committed 13824K, reserved 1048576K
Event: 1732.269 GC heap after
Heap after GC invocations=42 (full 12):
 PSYoungGen      total 414720K, used 21997K [0x00000000e0000000, 0x00000000fb580000, 0x0000000100000000)
  eden space 392704K, 0% used [0x00000000e0000000,0x00000000e0000000,0x00000000f7f80000)
  from space 22016K, 99% used [0x00000000f9b80000,0x00000000fb0fb7d8,0x00000000fb100000)
  to   space 27648K, 0% used [0x00000000f7f80000,0x00000000f7f80000,0x00000000f9a80000)
 ParOldGen       total 143360K, used 122360K [0x00000000a0000000, 0x00000000a8c00000, 0x00000000e0000000)
  object space 143360K, 85% used [0x00000000a0000000,0x00000000a777e308,0x00000000a8c00000)
 Metaspace       used 88909K, capacity 97878K, committed 98816K, reserved 1134592K
  class space    used 11892K, capacity 13563K, committed 13824K, reserved 1048576K
}

